<?xml version="1.0" encoding="UTF-8"?>
<coverage generated="1686400891249" clover="3.2.0">
  <project timestamp="1686400891249" name="All files">
    <metrics statements="17" coveredstatements="17" conditionals="22" coveredconditionals="22" methods="1" coveredmethods="1" elements="40" coveredelements="40" complexity="0" loc="17" ncloc="17" packages="1" files="1" classes="1"/>
    <file name="calculate.ts" path="/home/anderson/Área de Trabalho/Estudos/branas/refactoring/src/0.0.2/calculate.ts">
      <metrics statements="17" coveredstatements="17" conditionals="22" coveredconditionals="22" methods="1" coveredmethods="1"/>
      <line num="3" count="1" type="stmt"/>
      <line num="4" count="7" type="stmt"/>
      <line num="5" count="7" type="stmt"/>
      <line num="6" count="7" type="cond" truecount="2" falsecount="0"/>
      <line num="12" count="6" type="cond" truecount="2" falsecount="0"/>
      <line num="20" count="5" type="cond" truecount="4" falsecount="0"/>
      <line num="22" count="2" type="cond" truecount="2" falsecount="0"/>
      <line num="23" count="1" type="stmt"/>
      <line num="26" count="1" type="stmt"/>
      <line num="30" count="3" type="cond" truecount="2" falsecount="0"/>
      <line num="31" count="2" type="stmt"/>
      <line num="33" count="1" type="stmt"/>
      <line num="38" count="1" type="stmt"/>
      <line num="43" count="1" type="stmt"/>
      <line num="46" count="5" type="cond" truecount="2" falsecount="0"/>
      <line num="47" count="1" type="stmt"/>
      <line num="49" count="4" type="stmt"/>
    </file>
  </project>
</coverage>
