{"/home/anderson/Área de Trabalho/Estudos/branas/refactoring/src/0.0.2/calculate.ts": {"path":"/home/anderson/Área de Trabalho/Estudos/branas/refactoring/src/0.0.2/calculate.ts","statementMap":{"0":{"start":{"line":4,"column":15},"end":{"line":4,"column":16}},"1":{"start":{"line":5,"column":2},"end":{"line":45,"column":null}},"2":{"start":{"line":6,"column":4},"end":{"line":44,"column":null}},"3":{"start":{"line":12,"column":6},"end":{"line":39,"column":null}},"4":{"start":{"line":20,"column":8},"end":{"line":35,"column":null}},"5":{"start":{"line":22,"column":10},"end":{"line":27,"column":null}},"6":{"start":{"line":23,"column":12},"end":{"line":23,"column":null}},"7":{"start":{"line":26,"column":12},"end":{"line":26,"column":null}},"8":{"start":{"line":30,"column":10},"end":{"line":34,"column":null}},"9":{"start":{"line":31,"column":12},"end":{"line":31,"column":null}},"10":{"start":{"line":33,"column":12},"end":{"line":33,"column":null}},"11":{"start":{"line":38,"column":8},"end":{"line":38,"column":null}},"12":{"start":{"line":43,"column":6},"end":{"line":43,"column":null}},"13":{"start":{"line":46,"column":2},"end":{"line":50,"column":null}},"14":{"start":{"line":47,"column":4},"end":{"line":47,"column":null}},"15":{"start":{"line":49,"column":4},"end":{"line":49,"column":null}},"16":{"start":{"line":3,"column":0},"end":{"line":3,"column":16}}},"fnMap":{"0":{"name":"calculateRide","decl":{"start":{"line":3,"column":16},"end":{"line":3,"column":29}},"loc":{"start":{"line":3,"column":38},"end":{"line":51,"column":1}}}},"branchMap":{"0":{"loc":{"start":{"line":6,"column":4},"end":{"line":44,"column":null}},"type":"if","locations":[{"start":{"line":6,"column":4},"end":{"line":44,"column":null}},{"start":{"line":40,"column":11},"end":{"line":44,"column":null}}]},"1":{"loc":{"start":{"line":7,"column":6},"end":{"line":10,"column":18}},"type":"binary-expr","locations":[{"start":{"line":7,"column":6},"end":{"line":7,"column":22}},{"start":{"line":8,"column":6},"end":{"line":8,"column":27}},{"start":{"line":9,"column":6},"end":{"line":9,"column":34}},{"start":{"line":10,"column":6},"end":{"line":10,"column":18}}]},"2":{"loc":{"start":{"line":12,"column":6},"end":{"line":39,"column":null}},"type":"if","locations":[{"start":{"line":12,"column":6},"end":{"line":39,"column":null}},{"start":{"line":36,"column":13},"end":{"line":39,"column":null}}]},"3":{"loc":{"start":{"line":13,"column":8},"end":{"line":16,"column":44}},"type":"binary-expr","locations":[{"start":{"line":13,"column":8},"end":{"line":13,"column":22}},{"start":{"line":14,"column":8},"end":{"line":14,"column":27}},{"start":{"line":15,"column":8},"end":{"line":15,"column":30}},{"start":{"line":16,"column":8},"end":{"line":16,"column":44}}]},"4":{"loc":{"start":{"line":20,"column":8},"end":{"line":35,"column":null}},"type":"if","locations":[{"start":{"line":20,"column":8},"end":{"line":35,"column":null}},{"start":{"line":28,"column":15},"end":{"line":35,"column":null}}]},"5":{"loc":{"start":{"line":20,"column":12},"end":{"line":20,"column":61}},"type":"binary-expr","locations":[{"start":{"line":20,"column":12},"end":{"line":20,"column":35}},{"start":{"line":20,"column":39},"end":{"line":20,"column":61}}]},"6":{"loc":{"start":{"line":22,"column":10},"end":{"line":27,"column":null}},"type":"if","locations":[{"start":{"line":22,"column":10},"end":{"line":27,"column":null}},{"start":{"line":25,"column":17},"end":{"line":27,"column":null}}]},"7":{"loc":{"start":{"line":30,"column":10},"end":{"line":34,"column":null}},"type":"if","locations":[{"start":{"line":30,"column":10},"end":{"line":34,"column":null}},{"start":{"line":32,"column":17},"end":{"line":34,"column":null}}]},"8":{"loc":{"start":{"line":46,"column":2},"end":{"line":50,"column":null}},"type":"if","locations":[{"start":{"line":46,"column":2},"end":{"line":50,"column":null}},{"start":{"line":48,"column":9},"end":{"line":50,"column":null}}]}},"s":{"0":7,"1":7,"2":7,"3":6,"4":5,"5":2,"6":1,"7":1,"8":3,"9":2,"10":1,"11":1,"12":1,"13":5,"14":1,"15":4,"16":1},"f":{"0":7},"b":{"0":[6,1],"1":[7,7,7,7],"2":[5,1],"3":[6,6,6,6],"4":[2,3],"5":[5,3],"6":[1,1],"7":[2,1],"8":[1,4]}}
}
