TN:
SF:../../src/0.0.2/calculate.ts
FN:3,calculateRide
FNF:1
FNH:1
FNDA:7,calculateRide
DA:3,1
DA:4,7
DA:5,7
DA:6,7
DA:12,6
DA:20,5
DA:22,2
DA:23,1
DA:26,1
DA:30,3
DA:31,2
DA:33,1
DA:38,1
DA:43,1
DA:46,5
DA:47,1
DA:49,4
LF:17
LH:17
BRDA:6,0,0,6
BRDA:6,0,1,1
BRDA:7,1,0,7
BRDA:7,1,1,7
BRDA:7,1,2,7
BRDA:7,1,3,7
BRDA:12,2,0,5
BRDA:12,2,1,1
BRDA:13,3,0,6
BRDA:13,3,1,6
BRDA:13,3,2,6
BRDA:13,3,3,6
BRDA:20,4,0,2
BRDA:20,4,1,3
BRDA:20,5,0,5
BRDA:20,5,1,3
BRDA:22,6,0,1
BRDA:22,6,1,1
BRDA:30,7,0,2
BRDA:30,7,1,1
BRDA:46,8,0,1
BRDA:46,8,1,4
BRF:22
BRH:22
end_of_record
